<?xml version="1.0" encoding="UTF-8"?>
<!-- Generated by org.testng.reporters.JUnitXMLReporter -->
<testsuite ignored="2" hostname="LAPTOP-1AB76RU1" failures="1" tests="1" name="FlipTestClass" time="38.08" errors="0" timestamp="2023-09-26T21:32:35 IST">
  <testcase classname="policyTestPackage.PolicyTestClass" name="verifyUserName" time="0.0">
    <failure type="org.testng.TestNGException" message="
Some DataProvider public java.lang.String[][] policyTestPackage.DataProviderClass.testData(java.lang.String,java.lang.String) parameters unresolved:  at 0 type class java.lang.String
 at 1 type class java.lang.String
">
      <![CDATA[org.testng.TestNGException: 
Some DataProvider public java.lang.String[][] policyTestPackage.DataProviderClass.testData(java.lang.String,java.lang.String) parameters unresolved:  at 0 type class java.lang.String
 at 1 type class java.lang.String

at java.base/java.util.ArrayList.forEach(ArrayList.java:1511)
... Removed 25 stack frames]]>
    </failure>
  </testcase> <!-- verifyUserName -->
  <testcase classname="policyTestPackage.BaseClass" name="@AfterTest aftertest" time="0.0">
    <ignored/>
  </testcase> <!-- @AfterTest aftertest -->
  <testcase classname="policyTestPackage.BaseClass" name="@BeforeTest beforeTest" time="0.0">
    <ignored/>
  </testcase> <!-- @BeforeTest beforeTest -->
</testsuite> <!-- FlipTestClass -->
